<?xml version="1.0" encoding="UTF-8"?>
<testng-results ignored="0" total="1" passed="1" failed="0" skipped="0">
  <reporter-output>
  </reporter-output>
  <suite started-at="2022-04-05T01:54:24 IST" name="Default suite" finished-at="2022-04-05T01:54:46 IST" duration-ms="21670">
    <groups>
    </groups>
    <test started-at="2022-04-05T01:54:24 IST" name="Default test" finished-at="2022-04-05T01:54:46 IST" duration-ms="21670">
      <class name="com.selenium.phase5.LoginPage">
        <test-method signature="login()[pri:0, instance:com.selenium.phase5.LoginPage@4e096385]" started-at="2022-04-05T01:54:24 IST" name="login" finished-at="2022-04-05T01:54:46 IST" duration-ms="21588" status="PASS">
          <reporter-output>
          </reporter-output>
        </test-method> <!-- login -->
      </class> <!-- com.selenium.phase5.LoginPage -->
    </test> <!-- Default test -->
  </suite> <!-- Default suite -->
</testng-results>
